mode: set
groupproject3-airbnb-api/features/feedback/services/service.go:15.61,19.2 1 1
groupproject3-airbnb-api/features/feedback/services/service.go:21.118,24.17 2 1
groupproject3-airbnb-api/features/feedback/services/service.go:27.2,29.16 2 1
groupproject3-airbnb-api/features/feedback/services/service.go:39.2,39.17 1 1
groupproject3-airbnb-api/features/feedback/services/service.go:24.17,26.3 1 0
groupproject3-airbnb-api/features/feedback/services/service.go:29.16,31.49 2 1
groupproject3-airbnb-api/features/feedback/services/service.go:36.3,37.42 2 1
groupproject3-airbnb-api/features/feedback/services/service.go:31.49,33.4 1 1
groupproject3-airbnb-api/features/feedback/services/service.go:33.9,35.4 1 1
groupproject3-airbnb-api/features/feedback/services/service.go:42.89,45.16 3 1
groupproject3-airbnb-api/features/feedback/services/service.go:49.2,49.17 1 1
groupproject3-airbnb-api/features/feedback/services/service.go:45.16,48.3 2 1
groupproject3-airbnb-api/features/feedback/services/service.go:52.96,55.16 3 1
groupproject3-airbnb-api/features/feedback/services/service.go:64.2,64.17 1 1
groupproject3-airbnb-api/features/feedback/services/service.go:55.16,57.49 2 1
groupproject3-airbnb-api/features/feedback/services/service.go:62.3,62.42 1 1
groupproject3-airbnb-api/features/feedback/services/service.go:57.49,59.4 1 1
groupproject3-airbnb-api/features/feedback/services/service.go:59.9,61.4 1 1
groupproject3-airbnb-api/features/feedback/services/service.go:67.126,70.17 2 1
groupproject3-airbnb-api/features/feedback/services/service.go:73.2,75.16 2 1
groupproject3-airbnb-api/features/feedback/services/service.go:83.2,83.17 1 1
groupproject3-airbnb-api/features/feedback/services/service.go:70.17,72.3 1 0
groupproject3-airbnb-api/features/feedback/services/service.go:75.16,76.49 1 1
groupproject3-airbnb-api/features/feedback/services/service.go:76.49,78.4 1 1
groupproject3-airbnb-api/features/feedback/services/service.go:78.9,80.4 1 1
groupproject3-airbnb-api/features/feedback/services/service.go:86.87,88.16 2 1
groupproject3-airbnb-api/features/feedback/services/service.go:92.2,92.17 1 1
groupproject3-airbnb-api/features/feedback/services/service.go:88.16,91.3 2 1
